  main.cpp
  test.cpp
H:\贪吃蛇——OpenGL\greedy-snake--open-gl\贪吃蛇3_opengl\test.cpp(143,31): warning C4305: “=”: 从“__int64”到“int”截断
H:\贪吃蛇——OpenGL\greedy-snake--open-gl\贪吃蛇3_opengl\test.cpp(143,14): warning C4309: “=”: 截断常量值
H:\贪吃蛇——OpenGL\greedy-snake--open-gl\贪吃蛇3_opengl\test.cpp(193,62): warning C4244: “参数”: 从“LONG”转换到“GLfloat”，可能丢失数据
H:\贪吃蛇——OpenGL\greedy-snake--open-gl\贪吃蛇3_opengl\test.cpp(193,48): warning C4244: “参数”: 从“LONG”转换到“GLfloat”，可能丢失数据
H:\贪吃蛇——OpenGL\greedy-snake--open-gl\贪吃蛇3_opengl\test.cpp(193,34): warning C4244: “参数”: 从“LONG”转换到“GLfloat”，可能丢失数据
H:\贪吃蛇——OpenGL\greedy-snake--open-gl\贪吃蛇3_opengl\test.cpp(193,20): warning C4244: “参数”: 从“LONG”转换到“GLfloat”，可能丢失数据
H:\贪吃蛇——OpenGL\greedy-snake--open-gl\贪吃蛇3_opengl\test.cpp(194,25): warning C4305: “参数”: 从“double”到“GLfloat”截断
H:\贪吃蛇——OpenGL\greedy-snake--open-gl\贪吃蛇3_opengl\test.cpp(196,63): warning C4244: “参数”: 从“LONG”转换到“GLfloat”，可能丢失数据
H:\贪吃蛇——OpenGL\greedy-snake--open-gl\贪吃蛇3_opengl\test.cpp(196,49): warning C4244: “参数”: 从“LONG”转换到“GLfloat”，可能丢失数据
H:\贪吃蛇——OpenGL\greedy-snake--open-gl\贪吃蛇3_opengl\test.cpp(196,35): warning C4244: “参数”: 从“LONG”转换到“GLfloat”，可能丢失数据
H:\贪吃蛇——OpenGL\greedy-snake--open-gl\贪吃蛇3_opengl\test.cpp(196,21): warning C4244: “参数”: 从“LONG”转换到“GLfloat”，可能丢失数据
H:\贪吃蛇——OpenGL\greedy-snake--open-gl\贪吃蛇3_opengl\test.cpp(200,51): warning C4244: “参数”: 从“LONG”转换到“GLfloat”，可能丢失数据
H:\贪吃蛇——OpenGL\greedy-snake--open-gl\贪吃蛇3_opengl\test.cpp(200,40): warning C4244: “参数”: 从“LONG”转换到“GLfloat”，可能丢失数据
H:\贪吃蛇——OpenGL\greedy-snake--open-gl\贪吃蛇3_opengl\test.cpp(200,29): warning C4244: “参数”: 从“LONG”转换到“GLfloat”，可能丢失数据
H:\贪吃蛇——OpenGL\greedy-snake--open-gl\贪吃蛇3_opengl\test.cpp(200,18): warning C4244: “参数”: 从“LONG”转换到“GLfloat”，可能丢失数据
  test1.cpp
  TEST2.cpp
  test_menu.cpp
  正在生成代码...
  贪吃蛇3_opengl.vcxproj -> H:\贪吃蛇——OpenGL\greedy-snake--open-gl\Debug\贪吃蛇3_opengl.exe
