c:\users\cai\source\repos\贪吃蛇3_opengl\贪吃蛇3_opengl\debug\vc143.pdb
c:\users\cai\source\repos\贪吃蛇3_opengl\贪吃蛇3_opengl\debug\vc143.idb
c:\users\cai\source\repos\贪吃蛇3_opengl\贪吃蛇3_opengl\debug\test_menu.obj
c:\users\cai\source\repos\贪吃蛇3_opengl\贪吃蛇3_opengl\debug\test2.obj
c:\users\cai\source\repos\贪吃蛇3_opengl\贪吃蛇3_opengl\debug\test1.obj
c:\users\cai\source\repos\贪吃蛇3_opengl\贪吃蛇3_opengl\debug\test.obj
c:\users\cai\source\repos\贪吃蛇3_opengl\贪吃蛇3_opengl\debug\main.obj
c:\users\cai\source\repos\贪吃蛇3_opengl\debug\贪吃蛇3_opengl.exe
c:\users\cai\source\repos\贪吃蛇3_opengl\贪吃蛇3_opengl\debug\贪吃蛇3_opengl.ilk
c:\users\cai\source\repos\贪吃蛇3_opengl\debug\贪吃蛇3_opengl.pdb
h:\贪吃蛇——opengl\greedy-snake--open-gl\贪吃蛇3_opengl\debug\main.obj
h:\贪吃蛇——opengl\greedy-snake--open-gl\贪吃蛇3_opengl\debug\test.obj
h:\贪吃蛇——opengl\greedy-snake--open-gl\贪吃蛇3_opengl\debug\test1.obj
h:\贪吃蛇——opengl\greedy-snake--open-gl\贪吃蛇3_opengl\debug\test2.obj
h:\贪吃蛇——opengl\greedy-snake--open-gl\贪吃蛇3_opengl\debug\test_menu.obj
h:\贪吃蛇——opengl\greedy-snake--open-gl\贪吃蛇3_opengl\debug\贪吃蛇3_opengl.ilk
h:\贪吃蛇——opengl\greedy-snake--open-gl\贪吃蛇3_opengl\debug\vc143.idb
h:\贪吃蛇——opengl\greedy-snake--open-gl\贪吃蛇3_opengl\debug\vc143.pdb
h:\贪吃蛇——opengl\greedy-snake--open-gl\debug\贪吃蛇3_opengl.pdb
h:\贪吃蛇——opengl\greedy-snake--open-gl\debug\贪吃蛇3_opengl.exe
h:\贪吃蛇——opengl\greedy-snake--open-gl\贪吃蛇3_opengl\debug\贪吃蛇3_opengl.tlog\cl.command.1.tlog
h:\贪吃蛇——opengl\greedy-snake--open-gl\贪吃蛇3_opengl\debug\贪吃蛇3_opengl.tlog\cl.read.1.tlog
h:\贪吃蛇——opengl\greedy-snake--open-gl\贪吃蛇3_opengl\debug\贪吃蛇3_opengl.tlog\cl.write.1.tlog
h:\贪吃蛇——opengl\greedy-snake--open-gl\贪吃蛇3_opengl\debug\贪吃蛇3_opengl.tlog\link.command.1.tlog
h:\贪吃蛇——opengl\greedy-snake--open-gl\贪吃蛇3_opengl\debug\贪吃蛇3_opengl.tlog\link.read.1.tlog
h:\贪吃蛇——opengl\greedy-snake--open-gl\贪吃蛇3_opengl\debug\贪吃蛇3_opengl.tlog\link.write.1.tlog
